[ 2019-06-26T19:13:36+08:00 ] 127.0.0.1 /logo.png
INFO: [ app_init ] --START--
INFO: Run Behavior\BuildLiteBehavior [ RunTime:0.000007s ]
SQL: SHOW COLUMNS FROM `ly_admin_config` [ RunTime:0.0077s ]
SQL: SELECT `name`,`value`,`type` FROM `ly_admin_config` WHERE `status` = 1  [ RunTime:0.0003s ]
SQL: SHOW COLUMNS FROM `ly_admin_module` [ RunTime:0.0052s ]
SQL: SELECT `name` FROM `ly_admin_module` WHERE `status` = 1 AND `is_system` = 0  [ RunTime:0.0001s ]
NOTIC: [2] array_merge(): Argument #2 is not an array D:\phpStudy\PHPTutorial\WWW\lingyun\Application\Common\Behavior\InitModuleBehavior.class.php 第 42 行.
INFO: Run Common\Behavior\InitModuleBehavior [ RunTime:0.019950s ]
INFO: [ app_init ] --END-- [ RunTime:0.020009s ]

[ 2019-06-26T19:13:37+08:00 ] 127.0.0.1 /logo.png
INFO: [ app_init ] --START--
INFO: Run Behavior\BuildLiteBehavior [ RunTime:0.000009s ]
SQL: SHOW COLUMNS FROM `ly_admin_config` [ RunTime:0.0139s ]
SQL: SELECT `name`,`value`,`type` FROM `ly_admin_config` WHERE `status` = 1  [ RunTime:0.0003s ]
SQL: SHOW COLUMNS FROM `ly_admin_module` [ RunTime:0.0101s ]
SQL: SELECT `name` FROM `ly_admin_module` WHERE `status` = 1 AND `is_system` = 0  [ RunTime:0.0002s ]
NOTIC: [2] array_merge(): Argument #2 is not an array D:\phpStudy\PHPTutorial\WWW\lingyun\Application\Common\Behavior\InitModuleBehavior.class.php 第 42 行.
INFO: Run Common\Behavior\InitModuleBehavior [ RunTime:0.032331s ]
INFO: [ app_init ] --END-- [ RunTime:0.032398s ]

[ 2019-06-26T19:13:38+08:00 ] 127.0.0.1 /logo.png
INFO: [ app_init ] --START--
INFO: Run Behavior\BuildLiteBehavior [ RunTime:0.000008s ]
SQL: SHOW COLUMNS FROM `ly_admin_config` [ RunTime:0.0080s ]
SQL: SELECT `name`,`value`,`type` FROM `ly_admin_config` WHERE `status` = 1  [ RunTime:0.0003s ]
SQL: SHOW COLUMNS FROM `ly_admin_module` [ RunTime:0.0064s ]
SQL: SELECT `name` FROM `ly_admin_module` WHERE `status` = 1 AND `is_system` = 0  [ RunTime:0.0002s ]
NOTIC: [2] array_merge(): Argument #2 is not an array D:\phpStudy\PHPTutorial\WWW\lingyun\Application\Common\Behavior\InitModuleBehavior.class.php 第 42 行.
INFO: Run Common\Behavior\InitModuleBehavior [ RunTime:0.024073s ]
INFO: [ app_init ] --END-- [ RunTime:0.024138s ]

[ 2019-06-26T19:13:39+08:00 ] 127.0.0.1 /logo.png
INFO: [ app_init ] --START--
INFO: Run Behavior\BuildLiteBehavior [ RunTime:0.000039s ]
SQL: SHOW COLUMNS FROM `ly_admin_config` [ RunTime:0.0088s ]
SQL: SELECT `name`,`value`,`type` FROM `ly_admin_config` WHERE `status` = 1  [ RunTime:0.0012s ]
SQL: SHOW COLUMNS FROM `ly_admin_module` [ RunTime:0.0093s ]
SQL: SELECT `name` FROM `ly_admin_module` WHERE `status` = 1 AND `is_system` = 0  [ RunTime:0.0002s ]
NOTIC: [2] array_merge(): Argument #2 is not an array D:\phpStudy\PHPTutorial\WWW\lingyun\Application\Common\Behavior\InitModuleBehavior.class.php 第 42 行.
INFO: Run Common\Behavior\InitModuleBehavior [ RunTime:0.029423s ]
INFO: [ app_init ] --END-- [ RunTime:0.029663s ]

[ 2019-06-26T19:13:40+08:00 ] 127.0.0.1 /logo.png
INFO: [ app_init ] --START--
INFO: Run Behavior\BuildLiteBehavior [ RunTime:0.000008s ]
SQL: SHOW COLUMNS FROM `ly_admin_config` [ RunTime:0.0080s ]
SQL: SELECT `name`,`value`,`type` FROM `ly_admin_config` WHERE `status` = 1  [ RunTime:0.0003s ]
SQL: SHOW COLUMNS FROM `ly_admin_module` [ RunTime:0.0059s ]
SQL: SELECT `name` FROM `ly_admin_module` WHERE `status` = 1 AND `is_system` = 0  [ RunTime:0.0002s ]
NOTIC: [2] array_merge(): Argument #2 is not an array D:\phpStudy\PHPTutorial\WWW\lingyun\Application\Common\Behavior\InitModuleBehavior.class.php 第 42 行.
INFO: Run Common\Behavior\InitModuleBehavior [ RunTime:0.020989s ]
INFO: [ app_init ] --END-- [ RunTime:0.021053s ]

