[ 2019-06-26T15:11:54+08:00 ] 127.0.0.1 /admin.php?s=/Admin/Order/countnow.html&t=0.8531357881465949
INFO: [ app_init ] --START--
INFO: Run Behavior\BuildLiteBehavior [ RunTime:0.000019s ]
SQL: SHOW COLUMNS FROM `ly_admin_config` [ RunTime:0.0039s ]
SQL: SELECT `name`,`value`,`type` FROM `ly_admin_config` WHERE `status` = 1  [ RunTime:0.0002s ]
SQL: SHOW COLUMNS FROM `ly_admin_module` [ RunTime:0.0040s ]
SQL: SELECT `name` FROM `ly_admin_module` WHERE `status` = 1 AND `is_system` = 0  [ RunTime:0.0003s ]
NOTIC: [2] array_merge(): Argument #2 is not an array E:\TRADE\ThinkPHP\pingzi\Application\Common\Behavior\InitModuleBehavior.class.php 第 42 行.
INFO: Run Common\Behavior\InitModuleBehavior [ RunTime:0.024435s ]
INFO: [ app_init ] --END-- [ RunTime:0.024548s ]
INFO: [ app_begin ] --START--
INFO: Run Behavior\ReadHtmlCacheBehavior [ RunTime:0.000482s ]
SQL: SELECT `name`,`value`,`type` FROM `ly_admin_config` WHERE `status` = 1  [ RunTime:0.0003s ]
SQL: SELECT * FROM `ly_admin_module` WHERE `status` = 1  [ RunTime:0.0002s ]
INFO: Run Common\Behavior\InitConfigBehavior [ RunTime:0.002669s ]
INFO: [ app_begin ] --END-- [ RunTime:0.003200s ]
NOTIC: [2048] Declaration of Admin\Controller\OrderController::setStatus() should be compatible with Admin\Controller\AdminController::setStatus($model = Admin\Controller\CONTROLLER_NAME, $script = false) E:\TRADE\ThinkPHP\pingzi\Application\Admin\Controller\OrderController.class.php 第 15 行.
INFO: [ action_begin ] --START--
SQL: SHOW COLUMNS FROM `ly_admin_hook` [ RunTime:0.0044s ]
SQL: SELECT `name`,`addons` FROM `ly_admin_hook`  [ RunTime:0.0002s ]
SQL: SHOW COLUMNS FROM `ly_admin_addon` [ RunTime:0.0043s ]
SQL: SELECT `id`,`name` FROM `ly_admin_addon` WHERE `status` = 1 AND `name` IN ('后台首页小工具')  [ RunTime:0.0002s ]
SQL: SELECT `id`,`name` FROM `ly_admin_addon` WHERE `status` = 1 AND `name` IN ('RocketToTop')  [ RunTime:0.0001s ]
INFO: Run Common\Behavior\InitHookBehavior [ RunTime:0.012078s ]
INFO: [ action_begin ] --END-- [ RunTime:0.012110s ]
SQL: SHOW COLUMNS FROM `ly_admin_user` [ RunTime:0.0037s ]
SQL: SHOW COLUMNS FROM `ly_admin_group` [ RunTime:0.0035s ]
SQL: SELECT `admin_menu` FROM `ly_admin_module` WHERE `name` = 'Admin' LIMIT 1   [ RunTime:0.0003s ]
NOTIC: [8] Undefined variable: result E:\TRADE\ThinkPHP\pingzi\Application\Admin\Model\ModuleModel.class.php 第 88 行.
SQL: SHOW COLUMNS FROM `ly_admin_access` [ RunTime:0.0039s ]
SQL: SELECT `group` FROM `ly_admin_access` WHERE `uid` = 1 LIMIT 1   [ RunTime:0.0002s ]
SQL: SELECT `group` FROM `ly_admin_access` WHERE `uid` = 1 LIMIT 1   [ RunTime:0.0002s ]
SQL: SELECT * FROM `ly_admin_group` WHERE `id` = 1 LIMIT 1   [ RunTime:0.0002s ]
SQL: SELECT * FROM `ly_admin_module` WHERE `status` = 1 ORDER BY `sort` asc,`id` asc  [ RunTime:0.0002s ]
SQL: SELECT `admin_menu` FROM `ly_admin_module` WHERE `name` = 'Admin' LIMIT 1   [ RunTime:0.0002s ]
NOTIC: [8] Undefined variable: result E:\TRADE\ThinkPHP\pingzi\Application\Admin\Model\ModuleModel.class.php 第 88 行.
SQL: SHOW COLUMNS FROM `ly_order` [ RunTime:0.0035s ]
SQL: SELECT COUNT(*) AS tp_count FROM `ly_order` WHERE ( payzt=1 AND status=0 ) LIMIT 1   [ RunTime:0.0002s ]

